<?xml version="1.0" encoding="UTF-8"?>
<testsuite name="com.samplejava.springboot.TestClass" tests="1" skipped="0" failures="0" errors="0" timestamp="2023-11-30T01:30:22" hostname="Fazrudeens-MacBook-Pro.local" time="0.005">
  <properties/>
  <testcase name="test()" classname="com.samplejava.springboot.TestClass" time="0.005"/>
  <system-out><![CDATA[]]></system-out>
  <system-err><![CDATA[]]></system-err>
</testsuite>
